# JRE version: OpenJDK Runtime Environment Temurin-21.0.10+7 (21.0.10+7) (build 21.0.10+7-LTS)
# Java VM: OpenJDK 64-Bit Server VM Temurin-21.0.10+7 (21.0.10+7-LTS, mixed mode, sharing, tiered, compressed oops, compressed class ptrs, parallel gc, windows-amd64)
GC Precious Log:
 CardTable entry size: 512
 CPUs: 8 total, 8 available
 Memory: 7914M
 Large Page Support: Disabled
 NUMA Support: Disabled
 Compressed Oops: Enabled (32-bit)
 Alignments: Space 512K, Generation 512K, Heap 2M
 Heap Min Capacity: 100M
 Heap Initial Capacity: 100M
 Heap Max Capacity: 2G
 Pre-touch: Disabled
 Parallel Workers: 8
Heap:
 PSYoungGen      total 9728K, used 7790K [0x00000000d5580000, 0x00000000d6000000, 0x0000000100000000)
  eden space 8704K, 83% used [0x00000000d5580000,0x00000000d5ca3828,0x00000000d5e00000)
  from space 1024K, 46% used [0x00000000d5f00000,0x00000000d5f78000,0x00000000d6000000)
  to   space 1024K, 0% used [0x00000000d5e00000,0x00000000d5e00000,0x00000000d5f00000)
 ParOldGen       total 644096K, used 369997K [0x0000000080000000, 0x00000000a7500000, 0x00000000d5580000)
  object space 644096K, 57% used [0x0000000080000000,0x0000000096953630,0x00000000a7500000)
 Metaspace       used 78002K, committed 79552K, reserved 1179648K
  class space    used 8080K, committed 8768K, reserved 1048576K
GC Heap History (20 events):
Event: 354.100 GC heap before
{Heap before GC invocations=1105 (full 4):
 PSYoungGen      total 4608K, used 4592K [0x00000000d5580000, 0x00000000d5e00000, 0x0000000100000000)
  eden space 3584K, 100% used [0x00000000d5580000,0x00000000d5900000,0x00000000d5900000)
  from space 1024K, 98% used [0x00000000d5b00000,0x00000000d5bfc010,0x00000000d5c00000)
  to   space 2048K, 0% used [0x00000000d5900000,0x00000000d5900000,0x00000000d5b00000)
 ParOldGen       total 644096K, used 356331K [0x0000000080000000, 0x00000000a7500000, 0x00000000d5580000)
  object space 644096K, 55% used [0x0000000080000000,0x0000000095bfac70,0x00000000a7500000)
 Metaspace       used 77527K, committed 79104K, reserved 1179648K
  class space    used 8025K, committed 8704K, reserved 1048576K
}
Event: 354.558 GC heap after
{Heap after GC invocations=1105 (full 4):
 PSYoungGen      total 5632K, used 2021K [0x00000000d5580000, 0x00000000d6100000, 0x0000000100000000)
  eden space 3584K, 0% used [0x00000000d5580000,0x00000000d5580000,0x00000000d5900000)
  from space 2048K, 98% used [0x00000000d5900000,0x00000000d5af9560,0x00000000d5b00000)
  to   space 3584K, 0% used [0x00000000d5d80000,0x00000000d5d80000,0x00000000d6100000)
 ParOldGen       total 644096K, used 357463K [0x0000000080000000, 0x00000000a7500000, 0x00000000d5580000)
  object space 644096K, 55% used [0x0000000080000000,0x0000000095d15c30,0x00000000a7500000)
 Metaspace       used 77527K, committed 79104K, reserved 1179648K
  class space    used 8025K, committed 8704K, reserved 1048576K
}
Event: 354.709 GC heap before
{Heap before GC invocations=1106 (full 4):
 PSYoungGen      total 5632K, used 5605K [0x00000000d5580000, 0x00000000d6100000, 0x0000000100000000)
  eden space 3584K, 100% used [0x00000000d5580000,0x00000000d5900000,0x00000000d5900000)
  from space 2048K, 98% used [0x00000000d5900000,0x00000000d5af9560,0x00000000d5b00000)
  to   space 3584K, 0% used [0x00000000d5d80000,0x00000000d5d80000,0x00000000d6100000)
 ParOldGen       total 644096K, used 357463K [0x0000000080000000, 0x00000000a7500000, 0x00000000d5580000)
  object space 644096K, 55% used [0x0000000080000000,0x0000000095d15c30,0x00000000a7500000)
 Metaspace       used 77528K, committed 79104K, reserved 1179648K
  class space    used 8025K, committed 8704K, reserved 1048576K
}
Event: 355.352 GC heap after
{Heap after GC invocations=1106 (full 4):
 PSYoungGen      total 6656K, used 1952K [0x00000000d5580000, 0x00000000d5f80000, 0x0000000100000000)
  eden space 4608K, 0% used [0x00000000d5580000,0x00000000d5580000,0x00000000d5a00000)
  from space 2048K, 95% used [0x00000000d5d80000,0x00000000d5f68000,0x00000000d5f80000)
  to   space 2560K, 0% used [0x00000000d5a80000,0x00000000d5a80000,0x00000000d5d00000)
 ParOldGen       total 644096K, used 359548K [0x0000000080000000, 0x00000000a7500000, 0x00000000d5580000)
  object space 644096K, 55% used [0x0000000080000000,0x0000000095f1f1a0,0x00000000a7500000)
 Metaspace       used 77528K, committed 79104K, reserved 1179648K
  class space    used 8025K, committed 8704K, reserved 1048576K
}
Event: 355.446 GC heap before
{Heap before GC invocations=1107 (full 4):
 PSYoungGen      total 6656K, used 6560K [0x00000000d5580000, 0x00000000d5f80000, 0x0000000100000000)
  eden space 4608K, 100% used [0x00000000d5580000,0x00000000d5a00000,0x00000000d5a00000)
  from space 2048K, 95% used [0x00000000d5d80000,0x00000000d5f68000,0x00000000d5f80000)
  to   space 2560K, 0% used [0x00000000d5a80000,0x00000000d5a80000,0x00000000d5d00000)
 ParOldGen       total 644096K, used 359548K [0x0000000080000000, 0x00000000a7500000, 0x00000000d5580000)
  object space 644096K, 55% used [0x0000000080000000,0x0000000095f1f1a0,0x00000000a7500000)
 Metaspace       used 77530K, committed 79104K, reserved 1179648K
  class space    used 8025K, committed 8704K, reserved 1048576K
}
Event: 356.195 GC heap after
{Heap after GC invocations=1107 (full 4):
 PSYoungGen      total 7680K, used 2529K [0x00000000d5580000, 0x00000000d6700000, 0x0000000100000000)
  eden space 5120K, 0% used [0x00000000d5580000,0x00000000d5580000,0x00000000d5a80000)
  from space 2560K, 98% used [0x00000000d5a80000,0x00000000d5cf8480,0x00000000d5d00000)
  to   space 6144K, 0% used [0x00000000d6100000,0x00000000d6100000,0x00000000d6700000)
 ParOldGen       total 644096K, used 362292K [0x0000000080000000, 0x00000000a7500000, 0x00000000d5580000)
  object space 644096K, 56% used [0x0000000080000000,0x00000000961cd3a0,0x00000000a7500000)
 Metaspace       used 77530K, committed 79104K, reserved 1179648K
  class space    used 8025K, committed 8704K, reserved 1048576K
}
Event: 356.417 GC heap before
{Heap before GC invocations=1108 (full 4):
 PSYoungGen      total 7680K, used 7649K [0x00000000d5580000, 0x00000000d6700000, 0x0000000100000000)
  eden space 5120K, 100% used [0x00000000d5580000,0x00000000d5a80000,0x00000000d5a80000)
  from space 2560K, 98% used [0x00000000d5a80000,0x00000000d5cf8480,0x00000000d5d00000)
  to   space 6144K, 0% used [0x00000000d6100000,0x00000000d6100000,0x00000000d6700000)
 ParOldGen       total 644096K, used 362292K [0x0000000080000000, 0x00000000a7500000, 0x00000000d5580000)
  object space 644096K, 56% used [0x0000000080000000,0x00000000961cd3a0,0x00000000a7500000)
 Metaspace       used 77542K, committed 79104K, reserved 1179648K
  class space    used 8025K, committed 8704K, reserved 1048576K
}
Event: 356.434 GC heap after
{Heap after GC invocations=1108 (full 4):
 PSYoungGen      total 8704K, used 2400K [0x00000000d5580000, 0x00000000d6380000, 0x0000000100000000)
  eden space 6144K, 0% used [0x00000000d5580000,0x00000000d5580000,0x00000000d5b80000)
  from space 2560K, 93% used [0x00000000d6100000,0x00000000d6358000,0x00000000d6380000)
  to   space 3584K, 0% used [0x00000000d5c80000,0x00000000d5c80000,0x00000000d6000000)
 ParOldGen       total 644096K, used 364590K [0x0000000080000000, 0x00000000a7500000, 0x00000000d5580000)
  object space 644096K, 56% used [0x0000000080000000,0x000000009640b810,0x00000000a7500000)
 Metaspace       used 77542K, committed 79104K, reserved 1179648K
  class space    used 8025K, committed 8704K, reserved 1048576K
}
Event: 357.038 GC heap before
{Heap before GC invocations=1109 (full 4):
 PSYoungGen      total 8704K, used 8544K [0x00000000d5580000, 0x00000000d6380000, 0x0000000100000000)
  eden space 6144K, 100% used [0x00000000d5580000,0x00000000d5b80000,0x00000000d5b80000)
  from space 2560K, 93% used [0x00000000d6100000,0x00000000d6358000,0x00000000d6380000)
  to   space 3584K, 0% used [0x00000000d5c80000,0x00000000d5c80000,0x00000000d6000000)
 ParOldGen       total 644096K, used 364590K [0x0000000080000000, 0x00000000a7500000, 0x00000000d5580000)
  object space 644096K, 56% used [0x0000000080000000,0x000000009640b810,0x00000000a7500000)
 Metaspace       used 77547K, committed 79104K, reserved 1179648K
  class space    used 8025K, committed 8704K, reserved 1048576K
}
Event: 357.048 GC heap after
{Heap after GC invocations=1109 (full 4):
 PSYoungGen      total 8704K, used 1328K [0x00000000d5580000, 0x00000000d6180000, 0x0000000100000000)
  eden space 7168K, 0% used [0x00000000d5580000,0x00000000d5580000,0x00000000d5c80000)
  from space 1536K, 86% used [0x00000000d5c80000,0x00000000d5dcc020,0x00000000d5e00000)
  to   space 2048K, 0% used [0x00000000d5f80000,0x00000000d5f80000,0x00000000d6180000)
 ParOldGen       total 644096K, used 366934K [0x0000000080000000, 0x00000000a7500000, 0x00000000d5580000)
  object space 644096K, 56% used [0x0000000080000000,0x0000000096655810,0x00000000a7500000)
 Metaspace       used 77547K, committed 79104K, reserved 1179648K
  class space    used 8025K, committed 8704K, reserved 1048576K
}
Event: 357.425 GC heap before
{Heap before GC invocations=1110 (full 4):
 PSYoungGen      total 8704K, used 8496K [0x00000000d5580000, 0x00000000d6180000, 0x0000000100000000)
  eden space 7168K, 100% used [0x00000000d5580000,0x00000000d5c80000,0x00000000d5c80000)
  from space 1536K, 86% used [0x00000000d5c80000,0x00000000d5dcc020,0x00000000d5e00000)
  to   space 2048K, 0% used [0x00000000d5f80000,0x00000000d5f80000,0x00000000d6180000)
 ParOldGen       total 644096K, used 366934K [0x0000000080000000, 0x00000000a7500000, 0x00000000d5580000)
  object space 644096K, 56% used [0x0000000080000000,0x0000000096655810,0x00000000a7500000)
 Metaspace       used 77555K, committed 79104K, reserved 1179648K
  class space    used 8025K, committed 8704K, reserved 1048576K
}
Event: 357.433 GC heap after
{Heap after GC invocations=1110 (full 4):
 PSYoungGen      total 10240K, used 752K [0x00000000d5580000, 0x00000000d6100000, 0x0000000100000000)
  eden space 8704K, 0% used [0x00000000d5580000,0x00000000d5580000,0x00000000d5e00000)
  from space 1536K, 48% used [0x00000000d5f80000,0x00000000d603c010,0x00000000d6100000)
  to   space 1536K, 0% used [0x00000000d5e00000,0x00000000d5e00000,0x00000000d5f80000)
 ParOldGen       total 644096K, used 368111K [0x0000000080000000, 0x00000000a7500000, 0x00000000d5580000)
  object space 644096K, 57% used [0x0000000080000000,0x000000009677bce0,0x00000000a7500000)
 Metaspace       used 77555K, committed 79104K, reserved 1179648K
  class space    used 8025K, committed 8704K, reserved 1048576K
}
Event: 357.507 GC heap before
{Heap before GC invocations=1111 (full 4):
 PSYoungGen      total 10240K, used 9455K [0x00000000d5580000, 0x00000000d6100000, 0x0000000100000000)
  eden space 8704K, 99% used [0x00000000d5580000,0x00000000d5dfffe0,0x00000000d5e00000)
  from space 1536K, 48% used [0x00000000d5f80000,0x00000000d603c010,0x00000000d6100000)
  to   space 1536K, 0% used [0x00000000d5e00000,0x00000000d5e00000,0x00000000d5f80000)
 ParOldGen       total 644096K, used 368111K [0x0000000080000000, 0x00000000a7500000, 0x00000000d5580000)
  object space 644096K, 57% used [0x0000000080000000,0x000000009677bce0,0x00000000a7500000)
 Metaspace       used 77558K, committed 79104K, reserved 1179648K
  class space    used 8025K, committed 8704K, reserved 1048576K
}
Event: 357.510 GC heap after
{Heap after GC invocations=1111 (full 4):
 PSYoungGen      total 10240K, used 1040K [0x00000000d5580000, 0x00000000d6100000, 0x0000000100000000)
  eden space 8704K, 0% used [0x00000000d5580000,0x00000000d5580000,0x00000000d5e00000)
  from space 1536K, 67% used [0x00000000d5e00000,0x00000000d5f04010,0x00000000d5f80000)
  to   space 1536K, 0% used [0x00000000d5f80000,0x00000000d5f80000,0x00000000d6100000)
 ParOldGen       total 644096K, used 368207K [0x0000000080000000, 0x00000000a7500000, 0x00000000d5580000)
  object space 644096K, 57% used [0x0000000080000000,0x0000000096793ce0,0x00000000a7500000)
 Metaspace       used 77558K, committed 79104K, reserved 1179648K
  class space    used 8025K, committed 8704K, reserved 1048576K
}
Event: 358.954 GC heap before
{Heap before GC invocations=1112 (full 4):
 PSYoungGen      total 10240K, used 9744K [0x00000000d5580000, 0x00000000d6100000, 0x0000000100000000)
  eden space 8704K, 100% used [0x00000000d5580000,0x00000000d5e00000,0x00000000d5e00000)
  from space 1536K, 67% used [0x00000000d5e00000,0x00000000d5f04010,0x00000000d5f80000)
  to   space 1536K, 0% used [0x00000000d5f80000,0x00000000d5f80000,0x00000000d6100000)
 ParOldGen       total 644096K, used 368207K [0x0000000080000000, 0x00000000a7500000, 0x00000000d5580000)
  object space 644096K, 57% used [0x0000000080000000,0x0000000096793ce0,0x00000000a7500000)
 Metaspace       used 77566K, committed 79104K, reserved 1179648K
  class space    used 8025K, committed 8704K, reserved 1048576K
}
Event: 358.961 GC heap after
{Heap after GC invocations=1112 (full 4):
 PSYoungGen      total 10240K, used 1344K [0x00000000d5580000, 0x00000000d6100000, 0x0000000100000000)
  eden space 8704K, 0% used [0x00000000d5580000,0x00000000d5580000,0x00000000d5e00000)
  from space 1536K, 87% used [0x00000000d5f80000,0x00000000d60d0000,0x00000000d6100000)
  to   space 1536K, 0% used [0x00000000d5e00000,0x00000000d5e00000,0x00000000d5f80000)
 ParOldGen       total 644096K, used 369041K [0x0000000080000000, 0x00000000a7500000, 0x00000000d5580000)
  object space 644096K, 57% used [0x0000000080000000,0x0000000096864600,0x00000000a7500000)
 Metaspace       used 77566K, committed 79104K, reserved 1179648K
  class space    used 8025K, committed 8704K, reserved 1048576K
}
Event: 359.088 GC heap before
{Heap before GC invocations=1113 (full 4):
 PSYoungGen      total 10240K, used 10048K [0x00000000d5580000, 0x00000000d6100000, 0x0000000100000000)
  eden space 8704K, 100% used [0x00000000d5580000,0x00000000d5e00000,0x00000000d5e00000)
  from space 1536K, 87% used [0x00000000d5f80000,0x00000000d60d0000,0x00000000d6100000)
  to   space 1536K, 0% used [0x00000000d5e00000,0x00000000d5e00000,0x00000000d5f80000)
 ParOldGen       total 644096K, used 369041K [0x0000000080000000, 0x00000000a7500000, 0x00000000d5580000)
  object space 644096K, 57% used [0x0000000080000000,0x0000000096864600,0x00000000a7500000)
 Metaspace       used 77586K, committed 79168K, reserved 1179648K
  class space    used 8026K, committed 8704K, reserved 1048576K
}
Event: 359.093 GC heap after
{Heap after GC invocations=1113 (full 4):
 PSYoungGen      total 9216K, used 464K [0x00000000d5580000, 0x00000000d6000000, 0x0000000100000000)
  eden space 8704K, 0% used [0x00000000d5580000,0x00000000d5580000,0x00000000d5e00000)
  from space 512K, 90% used [0x00000000d5e00000,0x00000000d5e74010,0x00000000d5e80000)
  to   space 1024K, 0% used [0x00000000d5f00000,0x00000000d5f00000,0x00000000d6000000)
 ParOldGen       total 644096K, used 369965K [0x0000000080000000, 0x00000000a7500000, 0x00000000d5580000)
  object space 644096K, 57% used [0x0000000080000000,0x000000009694b630,0x00000000a7500000)
 Metaspace       used 77586K, committed 79168K, reserved 1179648K
  class space    used 8026K, committed 8704K, reserved 1048576K
}
Event: 406.397 GC heap before
{Heap before GC invocations=1114 (full 4):
 PSYoungGen      total 9216K, used 9136K [0x00000000d5580000, 0x00000000d6000000, 0x0000000100000000)
  eden space 8704K, 99% used [0x00000000d5580000,0x00000000d5df8108,0x00000000d5e00000)
  from space 512K, 90% used [0x00000000d5e00000,0x00000000d5e74010,0x00000000d5e80000)
  to   space 1024K, 0% used [0x00000000d5f00000,0x00000000d5f00000,0x00000000d6000000)
 ParOldGen       total 644096K, used 369965K [0x0000000080000000, 0x00000000a7500000, 0x00000000d5580000)
  object space 644096K, 57% used [0x0000000080000000,0x000000009694b630,0x00000000a7500000)
 Metaspace       used 77879K, committed 79424K, reserved 1179648K
  class space    used 8060K, committed 8768K, reserved 1048576K
}
Event: 406.580 GC heap after
{Heap after GC invocations=1114 (full 4):
 PSYoungGen      total 9728K, used 480K [0x00000000d5580000, 0x00000000d6000000, 0x0000000100000000)
  eden space 8704K, 0% used [0x00000000d5580000,0x00000000d5580000,0x00000000d5e00000)
  from space 1024K, 46% used [0x00000000d5f00000,0x00000000d5f78000,0x00000000d6000000)
  to   space 1024K, 0% used [0x00000000d5e00000,0x00000000d5e00000,0x00000000d5f00000)
 ParOldGen       total 644096K, used 369997K [0x0000000080000000, 0x00000000a7500000, 0x00000000d5580000)
  object space 644096K, 57% used [0x0000000080000000,0x0000000096953630,0x00000000a7500000)
 Metaspace       used 77879K, committed 79424K, reserved 1179648K
  class space    used 8060K, committed 8768K, reserved 1048576K
}

